# JRE version: OpenJDK Runtime Environment Microsoft-8035246 (17.0.8+7) (build 17.0.8+7-LTS)
# Java VM: OpenJDK 64-Bit Server VM Microsoft-8035246 (17.0.8+7-LTS, mixed mode, sharing, tiered, compressed oops, compressed class ptrs, g1 gc, windows-amd64)
GC Precious Log:
 CPUs: 12 total, 12 available
 Memory: 16253M
 Large Page Support: Disabled
 NUMA Support: Disabled
 Compressed Oops: Enabled (32-bit)
 Heap Region Size: 1M
 Heap Min Capacity: 8M
 Heap Initial Capacity: 254M
 Heap Max Capacity: 2G
 Pre-touch: Disabled
 Parallel Workers: 10
 Concurrent Workers: 3
 Concurrent Refinement Workers: 10
 Periodic GC: Disabled
Heap:
 garbage-first heap   total 315392K, used 252623K [0x0000000080000000, 0x0000000100000000)
  region size 1024K, 80 young (81920K), 7 survivors (7168K)
 Metaspace       used 100091K, committed 101312K, reserved 557056K
  class space    used 14068K, committed 14656K, reserved 425984K
GC Heap History (20 events):
Event: 9.760 GC heap before
{Heap before GC invocations=38 (full 0):
 garbage-first heap   total 156672K, used 88839K [0x0000000080000000, 0x0000000100000000)
  region size 1024K, 4 young (4096K), 1 survivors (1024K)
 Metaspace       used 70434K, committed 71168K, reserved 491520K
  class space    used 9860K, committed 10240K, reserved 425984K
}
Event: 9.761 GC heap after
{Heap after GC invocations=39 (full 0):
 garbage-first heap   total 156672K, used 87279K [0x0000000080000000, 0x0000000100000000)
  region size 1024K, 2 young (2048K), 2 survivors (2048K)
 Metaspace       used 70434K, committed 71168K, reserved 491520K
  class space    used 9860K, committed 10240K, reserved 425984K
}
Event: 9.964 GC heap before
{Heap before GC invocations=40 (full 0):
 garbage-first heap   total 157696K, used 121071K [0x0000000080000000, 0x0000000100000000)
  region size 1024K, 33 young (33792K), 2 survivors (2048K)
 Metaspace       used 72435K, committed 73152K, reserved 491520K
  class space    used 10130K, committed 10496K, reserved 425984K
}
Event: 9.966 GC heap after
{Heap after GC invocations=41 (full 0):
 garbage-first heap   total 315392K, used 89966K [0x0000000080000000, 0x0000000100000000)
  region size 1024K, 4 young (4096K), 4 survivors (4096K)
 Metaspace       used 72435K, committed 73152K, reserved 491520K
  class space    used 10130K, committed 10496K, reserved 425984K
}
Event: 10.058 GC heap before
{Heap before GC invocations=41 (full 0):
 garbage-first heap   total 315392K, used 101230K [0x0000000080000000, 0x0000000100000000)
  region size 1024K, 15 young (15360K), 4 survivors (4096K)
 Metaspace       used 73191K, committed 73920K, reserved 491520K
  class space    used 10226K, committed 10560K, reserved 425984K
}
Event: 10.061 GC heap after
{Heap after GC invocations=42 (full 0):
 garbage-first heap   total 315392K, used 90339K [0x0000000080000000, 0x0000000100000000)
  region size 1024K, 1 young (1024K), 1 survivors (1024K)
 Metaspace       used 73191K, committed 73920K, reserved 491520K
  class space    used 10226K, committed 10560K, reserved 425984K
}
Event: 12.323 GC heap before
{Heap before GC invocations=42 (full 0):
 garbage-first heap   total 315392K, used 214243K [0x0000000080000000, 0x0000000100000000)
  region size 1024K, 122 young (124928K), 1 survivors (1024K)
 Metaspace       used 79053K, committed 79744K, reserved 557056K
  class space    used 11042K, committed 11392K, reserved 425984K
}
Event: 12.327 GC heap after
{Heap after GC invocations=43 (full 0):
 garbage-first heap   total 315392K, used 97307K [0x0000000080000000, 0x0000000100000000)
  region size 1024K, 8 young (8192K), 8 survivors (8192K)
 Metaspace       used 79053K, committed 79744K, reserved 557056K
  class space    used 11042K, committed 11392K, reserved 425984K
}
Event: 13.133 GC heap before
{Heap before GC invocations=43 (full 0):
 garbage-first heap   total 315392K, used 227355K [0x0000000080000000, 0x0000000100000000)
  region size 1024K, 134 young (137216K), 8 survivors (8192K)
 Metaspace       used 86083K, committed 86912K, reserved 557056K
  class space    used 12174K, committed 12544K, reserved 425984K
}
Event: 13.141 GC heap after
{Heap after GC invocations=44 (full 0):
 garbage-first heap   total 315392K, used 104657K [0x0000000080000000, 0x0000000100000000)
  region size 1024K, 15 young (15360K), 15 survivors (15360K)
 Metaspace       used 86083K, committed 86912K, reserved 557056K
  class space    used 12174K, committed 12544K, reserved 425984K
}
Event: 14.580 GC heap before
{Heap before GC invocations=44 (full 0):
 garbage-first heap   total 315392K, used 239825K [0x0000000080000000, 0x0000000100000000)
  region size 1024K, 142 young (145408K), 15 survivors (15360K)
 Metaspace       used 89371K, committed 90432K, reserved 557056K
  class space    used 12640K, committed 13120K, reserved 425984K
}
Event: 14.595 GC heap after
{Heap after GC invocations=45 (full 0):
 garbage-first heap   total 315392K, used 135689K [0x0000000080000000, 0x0000000100000000)
  region size 1024K, 18 young (18432K), 18 survivors (18432K)
 Metaspace       used 89371K, committed 90432K, reserved 557056K
  class space    used 12640K, committed 13120K, reserved 425984K
}
Event: 15.475 GC heap before
{Heap before GC invocations=45 (full 0):
 garbage-first heap   total 315392K, used 237065K [0x0000000080000000, 0x0000000100000000)
  region size 1024K, 115 young (117760K), 18 survivors (18432K)
 Metaspace       used 94661K, committed 95744K, reserved 557056K
  class space    used 13348K, committed 13824K, reserved 425984K
}
Event: 15.487 GC heap after
{Heap after GC invocations=46 (full 0):
 garbage-first heap   total 315392K, used 152802K [0x0000000080000000, 0x0000000100000000)
  region size 1024K, 14 young (14336K), 14 survivors (14336K)
 Metaspace       used 94661K, committed 95744K, reserved 557056K
  class space    used 13348K, committed 13824K, reserved 425984K
}
Event: 16.204 GC heap before
{Heap before GC invocations=46 (full 0):
 garbage-first heap   total 315392K, used 240866K [0x0000000080000000, 0x0000000100000000)
  region size 1024K, 100 young (102400K), 14 survivors (14336K)
 Metaspace       used 97924K, committed 99072K, reserved 557056K
  class space    used 13744K, committed 14272K, reserved 425984K
}
Event: 16.216 GC heap after
{Heap after GC invocations=47 (full 0):
 garbage-first heap   total 315392K, used 163576K [0x0000000080000000, 0x0000000100000000)
  region size 1024K, 11 young (11264K), 11 survivors (11264K)
 Metaspace       used 97924K, committed 99072K, reserved 557056K
  class space    used 13744K, committed 14272K, reserved 425984K
}
Event: 16.635 GC heap before
{Heap before GC invocations=47 (full 0):
 garbage-first heap   total 315392K, used 246520K [0x0000000080000000, 0x0000000100000000)
  region size 1024K, 92 young (94208K), 11 survivors (11264K)
 Metaspace       used 99308K, committed 100544K, reserved 557056K
  class space    used 14007K, committed 14592K, reserved 425984K
}
Event: 16.646 GC heap after
{Heap after GC invocations=48 (full 0):
 garbage-first heap   total 315392K, used 172487K [0x0000000080000000, 0x0000000100000000)
  region size 1024K, 9 young (9216K), 9 survivors (9216K)
 Metaspace       used 99308K, committed 100544K, reserved 557056K
  class space    used 14007K, committed 14592K, reserved 425984K
}
Event: 17.331 GC heap before
{Heap before GC invocations=48 (full 0):
 garbage-first heap   total 315392K, used 250311K [0x0000000080000000, 0x0000000100000000)
  region size 1024K, 86 young (88064K), 9 survivors (9216K)
 Metaspace       used 100032K, committed 101248K, reserved 557056K
  class space    used 14068K, committed 14656K, reserved 425984K
}
Event: 17.338 GC heap after
{Heap after GC invocations=49 (full 0):
 garbage-first heap   total 315392K, used 178895K [0x0000000080000000, 0x0000000100000000)
  region size 1024K, 7 young (7168K), 7 survivors (7168K)
 Metaspace       used 100032K, committed 101248K, reserved 557056K
  class space    used 14068K, committed 14656K, reserved 425984K
}

