# JRE version: OpenJDK Runtime Environment Microsoft-8035246 (17.0.8+7) (build 17.0.8+7-LTS)
# Java VM: OpenJDK 64-Bit Server VM Microsoft-8035246 (17.0.8+7-LTS, mixed mode, sharing, tiered, compressed oops, compressed class ptrs, g1 gc, windows-amd64)
GC Precious Log:
 CPUs: 12 total, 12 available
 Memory: 16253M
 Large Page Support: Disabled
 NUMA Support: Disabled
 Compressed Oops: Enabled (32-bit)
 Heap Region Size: 1M
 Heap Min Capacity: 8M
 Heap Initial Capacity: 254M
 Heap Max Capacity: 2G
 Pre-touch: Disabled
 Parallel Workers: 10
 Concurrent Workers: 3
 Concurrent Refinement Workers: 10
 Periodic GC: Disabled
Heap:
 garbage-first heap   total 365568K, used 210927K [0x0000000080000000, 0x0000000100000000)
  region size 1024K, 36 young (36864K), 9 survivors (9216K)
 Metaspace       used 100350K, committed 101568K, reserved 557056K
  class space    used 14103K, committed 14656K, reserved 425984K
GC Heap History (20 events):
Event: 9.057 GC heap before
{Heap before GC invocations=29 (full 0):
 garbage-first heap   total 228352K, used 95314K [0x0000000080000000, 0x0000000100000000)
  region size 1024K, 11 young (11264K), 8 survivors (8192K)
 Metaspace       used 78436K, committed 79104K, reserved 557056K
  class space    used 10947K, committed 11264K, reserved 425984K
}
Event: 9.060 GC heap after
{Heap after GC invocations=30 (full 0):
 garbage-first heap   total 228352K, used 92711K [0x0000000080000000, 0x0000000100000000)
  region size 1024K, 2 young (2048K), 2 survivors (2048K)
 Metaspace       used 78436K, committed 79104K, reserved 557056K
  class space    used 10947K, committed 11264K, reserved 425984K
}
Event: 9.408 GC heap before
{Heap before GC invocations=30 (full 0):
 garbage-first heap   total 228352K, used 171559K [0x0000000080000000, 0x0000000100000000)
  region size 1024K, 78 young (79872K), 2 survivors (2048K)
 Metaspace       used 83615K, committed 84416K, reserved 557056K
  class space    used 11841K, committed 12224K, reserved 425984K
}
Event: 9.410 GC heap after
{Heap after GC invocations=31 (full 0):
 garbage-first heap   total 228352K, used 94484K [0x0000000080000000, 0x0000000100000000)
  region size 1024K, 3 young (3072K), 3 survivors (3072K)
 Metaspace       used 83615K, committed 84416K, reserved 557056K
  class space    used 11841K, committed 12224K, reserved 425984K
}
Event: 9.808 GC heap before
{Heap before GC invocations=31 (full 0):
 garbage-first heap   total 228352K, used 175380K [0x0000000080000000, 0x0000000100000000)
  region size 1024K, 82 young (83968K), 3 survivors (3072K)
 Metaspace       used 86863K, committed 87680K, reserved 557056K
  class space    used 12307K, committed 12672K, reserved 425984K
}
Event: 9.814 GC heap after
{Heap after GC invocations=32 (full 0):
 garbage-first heap   total 228352K, used 102044K [0x0000000080000000, 0x0000000100000000)
  region size 1024K, 11 young (11264K), 11 survivors (11264K)
 Metaspace       used 86863K, committed 87680K, reserved 557056K
  class space    used 12307K, committed 12672K, reserved 425984K
}
Event: 10.326 GC heap before
{Heap before GC invocations=32 (full 0):
 garbage-first heap   total 228352K, used 182940K [0x0000000080000000, 0x0000000100000000)
  region size 1024K, 85 young (87040K), 11 survivors (11264K)
 Metaspace       used 88799K, committed 89856K, reserved 557056K
  class space    used 12591K, committed 13056K, reserved 425984K
}
Event: 10.336 GC heap after
{Heap after GC invocations=33 (full 0):
 garbage-first heap   total 228352K, used 121883K [0x0000000080000000, 0x0000000100000000)
  region size 1024K, 11 young (11264K), 11 survivors (11264K)
 Metaspace       used 88799K, committed 89856K, reserved 557056K
  class space    used 12591K, committed 13056K, reserved 425984K
}
Event: 10.692 GC heap before
{Heap before GC invocations=33 (full 0):
 garbage-first heap   total 228352K, used 178203K [0x0000000080000000, 0x0000000100000000)
  region size 1024K, 66 young (67584K), 11 survivors (11264K)
 Metaspace       used 90694K, committed 91712K, reserved 557056K
  class space    used 12770K, committed 13248K, reserved 425984K
}
Event: 10.700 GC heap after
{Heap after GC invocations=34 (full 0):
 garbage-first heap   total 228352K, used 135387K [0x0000000080000000, 0x0000000100000000)
  region size 1024K, 9 young (9216K), 9 survivors (9216K)
 Metaspace       used 90694K, committed 91712K, reserved 557056K
  class space    used 12770K, committed 13248K, reserved 425984K
}
Event: 10.928 GC heap before
{Heap before GC invocations=34 (full 0):
 garbage-first heap   total 228352K, used 181467K [0x0000000080000000, 0x0000000100000000)
  region size 1024K, 53 young (54272K), 9 survivors (9216K)
 Metaspace       used 92243K, committed 93312K, reserved 557056K
  class space    used 12972K, committed 13440K, reserved 425984K
}
Event: 10.934 GC heap after
{Heap after GC invocations=35 (full 0):
 garbage-first heap   total 228352K, used 145408K [0x0000000080000000, 0x0000000100000000)
  region size 1024K, 7 young (7168K), 7 survivors (7168K)
 Metaspace       used 92243K, committed 93312K, reserved 557056K
  class space    used 12972K, committed 13440K, reserved 425984K
}
Event: 11.156 GC heap before
{Heap before GC invocations=35 (full 0):
 garbage-first heap   total 228352K, used 184320K [0x0000000080000000, 0x0000000100000000)
  region size 1024K, 45 young (46080K), 7 survivors (7168K)
 Metaspace       used 95619K, committed 96768K, reserved 557056K
  class space    used 13468K, committed 14016K, reserved 425984K
}
Event: 11.161 GC heap after
{Heap after GC invocations=36 (full 0):
 garbage-first heap   total 365568K, used 147764K [0x0000000080000000, 0x0000000100000000)
  region size 1024K, 2 young (2048K), 2 survivors (2048K)
 Metaspace       used 95619K, committed 96768K, reserved 557056K
  class space    used 13468K, committed 14016K, reserved 425984K
}
Event: 11.977 GC heap before
{Heap before GC invocations=36 (full 0):
 garbage-first heap   total 365568K, used 281908K [0x0000000080000000, 0x0000000100000000)
  region size 1024K, 133 young (136192K), 2 survivors (2048K)
 Metaspace       used 98347K, committed 99456K, reserved 557056K
  class space    used 13785K, committed 14336K, reserved 425984K
}
Event: 11.987 GC heap after
{Heap after GC invocations=37 (full 0):
 garbage-first heap   total 365568K, used 161946K [0x0000000080000000, 0x0000000100000000)
  region size 1024K, 16 young (16384K), 16 survivors (16384K)
 Metaspace       used 98347K, committed 99456K, reserved 557056K
  class space    used 13785K, committed 14336K, reserved 425984K
}
Event: 12.388 GC heap before
{Heap before GC invocations=37 (full 0):
 garbage-first heap   total 365568K, used 283802K [0x0000000080000000, 0x0000000100000000)
  region size 1024K, 136 young (139264K), 16 survivors (16384K)
 Metaspace       used 100048K, committed 101248K, reserved 557056K
  class space    used 14086K, committed 14656K, reserved 425984K
}
Event: 12.399 GC heap after
{Heap after GC invocations=38 (full 0):
 garbage-first heap   total 365568K, used 172412K [0x0000000080000000, 0x0000000100000000)
  region size 1024K, 11 young (11264K), 11 survivors (11264K)
 Metaspace       used 100048K, committed 101248K, reserved 557056K
  class space    used 14086K, committed 14656K, reserved 425984K
}
Event: 13.095 GC heap before
{Heap before GC invocations=38 (full 0):
 garbage-first heap   total 365568K, used 302460K [0x0000000080000000, 0x0000000100000000)
  region size 1024K, 127 young (130048K), 11 survivors (11264K)
 Metaspace       used 100326K, committed 101504K, reserved 557056K
  class space    used 14103K, committed 14656K, reserved 425984K
}
Event: 13.105 GC heap after
{Heap after GC invocations=39 (full 0):
 garbage-first heap   total 365568K, used 181231K [0x0000000080000000, 0x0000000100000000)
  region size 1024K, 9 young (9216K), 9 survivors (9216K)
 Metaspace       used 100326K, committed 101504K, reserved 557056K
  class space    used 14103K, committed 14656K, reserved 425984K
}

